<?xml version="1.0" encoding="UTF-8"?>
<!-- Generated by org.testng.reporters.JUnitXMLReporter -->
<testsuite hostname="DESKTOP-D8HNM4S" ignored="0" name="Default test" tests="9" failures="0" timestamp="2020-11-10T20:33:03 IST" time="0.17" errors="0">
  <testcase name="addition" time="0.008" classname="tests.MultipleMethodsTakingDifferentDataFromOneDataProvider"/>
  <testcase name="addition" time="0.002" classname="tests.MultipleMethodsTakingDifferentDataFromOneDataProvider"/>
  <testcase name="addition" time="0.001" classname="tests.MultipleMethodsTakingDifferentDataFromOneDataProvider"/>
  <testcase name="addition" time="0.002" classname="tests.MultipleMethodsTakingDifferentDataFromOneDataProvider"/>
  <testcase name="concatination" time="0.006" classname="tests.MultipleMethodsTakingDifferentDataFromOneDataProvider"/>
  <testcase name="concatination" time="0.002" classname="tests.MultipleMethodsTakingDifferentDataFromOneDataProvider"/>
  <testcase name="concatination" time="0.004" classname="tests.MultipleMethodsTakingDifferentDataFromOneDataProvider"/>
  <testcase name="concatination" time="0.002" classname="tests.MultipleMethodsTakingDifferentDataFromOneDataProvider"/>
  <testcase name="nonDataProviderMethod" time="0.003" classname="tests.MultipleMethodsTakingDifferentDataFromOneDataProvider"/>
</testsuite> <!-- Default test -->
