<?xml version="1.0" encoding="UTF-8"?>
<!-- Generated by org.testng.reporters.JUnitXMLReporter -->
<testsuite hostname="DESKTOP-D8HNM4S" ignored="0" name="CRUD Operations via Parameters1" tests="5" failures="0" timestamp="2020-11-22T01:13:47 IST" time="6.748" errors="0">
  <testcase name="getAllPosts" time="2.077" classname="tests.TestNGCRUDViaParameters"/>
  <testcase name="getSpecificPost" time="1.141" classname="tests.TestNGCRUDViaParameters"/>
  <testcase name="createAPost" time="1.0" classname="tests.TestNGCRUDViaParameters"/>
  <testcase name="updateAPost" time="0.968" classname="tests.TestNGCRUDViaParameters"/>
  <testcase name="deleteAPost" time="0.985" classname="tests.TestNGCRUDViaParameters"/>
</testsuite> <!-- CRUD Operations via Parameters1 -->
