<?xml version="1.0" encoding="UTF-8"?>
<!-- Generated by org.testng.reporters.JUnitXMLReporter -->
<testsuite hostname="DESKTOP-D8HNM4S" ignored="0" name="CRUD Operations" tests="5" failures="1" timestamp="2020-11-08T18:16:00 IST" time="9.372" errors="0">
  <testcase name="deleteAPost" time="3.516" classname="tests.TestNGCRUD"/>
  <testcase name="getAllPosts" time="1.007" classname="tests.TestNGCRUD"/>
  <testcase name="getSpecificPost" time="1.708" classname="tests.TestNGCRUD"/>
  <testcase name="createAPost" time="1.086" classname="tests.TestNGCRUD"/>
  <testcase name="updateAPost" time="0.996" classname="tests.TestNGCRUD">
    <failure type="java.lang.AssertionError" message="null">
      <![CDATA[java.lang.AssertionError: null
at tests.TestNGCRUD.updateAPost(TestNGCRUD.java:117)
at java.util.concurrent.ThreadPoolExecutor.runWorker(ThreadPoolExecutor.java:1149)
at java.util.concurrent.ThreadPoolExecutor$Worker.run(ThreadPoolExecutor.java:624)
at java.lang.Thread.run(Thread.java:748)
... Removed 14 stack frames]]>
    </failure>
  </testcase> <!-- updateAPost -->
</testsuite> <!-- CRUD Operations -->
