<?xml version="1.0" encoding="UTF-8"?>
<!-- Generated by org.testng.reporters.JUnitXMLReporter -->
<testsuite hostname="DESKTOP-D8HNM4S" ignored="0" name="CRUD Operations via Parameters2" tests="5" failures="0" timestamp="2020-11-22T01:13:52 IST" time="4.702" errors="0">
  <testcase name="getAllPosts" time="0.796" classname="tests.TestNGCRUDViaParameters"/>
  <testcase name="getSpecificPost" time="0.828" classname="tests.TestNGCRUDViaParameters"/>
  <testcase name="createAPost" time="1.062" classname="tests.TestNGCRUDViaParameters"/>
  <testcase name="updateAPost" time="0.984" classname="tests.TestNGCRUDViaParameters"/>
  <testcase name="deleteAPost" time="1.0" classname="tests.TestNGCRUDViaParameters"/>
</testsuite> <!-- CRUD Operations via Parameters2 -->
