<?xml version="1.0" encoding="UTF-8"?>
<!-- Generated by org.testng.reporters.JUnitXMLReporter -->
<testsuite hostname="DESKTOP-D8HNM4S" ignored="0" name="CRUD Operations via Parameters3" tests="5" failures="0" timestamp="2020-11-08T19:54:35 IST" time="4.759" errors="0">
  <testcase name="deleteAPost" time="1.05" classname="tests.TestNGCRUD2"/>
  <testcase name="getAllPosts" time="0.756" classname="tests.TestNGCRUD2"/>
  <testcase name="getSpecificPost" time="0.773" classname="tests.TestNGCRUD2"/>
  <testcase name="createAPost" time="1.113" classname="tests.TestNGCRUD2"/>
  <testcase name="updateAPost" time="1.049" classname="tests.TestNGCRUD2"/>
</testsuite> <!-- CRUD Operations via Parameters3 -->
