<?xml version="1.0" encoding="UTF-8"?>
<!-- Generated by org.testng.reporters.JUnitXMLReporter -->
<testsuite hostname="DESKTOP-D8HNM4S" ignored="0" name="CRUD Operations via Parameters1" tests="5" failures="0" timestamp="2020-11-08T19:54:25 IST" time="9.765" errors="0">
  <testcase name="deleteAPost" time="3.984" classname="tests.TestNGCRUD2"/>
  <testcase name="getAllPosts" time="0.841" classname="tests.TestNGCRUD2"/>
  <testcase name="getSpecificPost" time="1.893" classname="tests.TestNGCRUD2"/>
  <testcase name="createAPost" time="1.057" classname="tests.TestNGCRUD2"/>
  <testcase name="updateAPost" time="0.974" classname="tests.TestNGCRUD2"/>
</testsuite> <!-- CRUD Operations via Parameters1 -->
