<?xml version="1.0" encoding="UTF-8"?>
<!-- Generated by org.testng.reporters.JUnitXMLReporter -->
<testsuite hostname="DESKTOP-D8HNM4S" ignored="0" name="CRUD Operations" tests="5" failures="1" timestamp="2020-11-22T01:12:52 IST" time="6.936" errors="0">
  <testcase name="getAllPosts" time="2.062" classname="tests.TestNGCRUD"/>
  <testcase name="getSpecificPost" time="1.187" classname="tests.TestNGCRUD"/>
  <testcase name="createAPost" time="1.187" classname="tests.TestNGCRUD"/>
  <testcase name="updateAPost" time="0.984" classname="tests.TestNGCRUD">
    <failure type="java.lang.AssertionError" message="null">
      <![CDATA[java.lang.AssertionError: null
at tests.TestNGCRUD.updateAPost(TestNGCRUD.java:117)
at java.util.ArrayList.forEach(ArrayList.java:1257)
... Removed 29 stack frames]]>
    </failure>
  </testcase> <!-- updateAPost -->
  <testcase name="deleteAPost" time="0.937" classname="tests.TestNGCRUD"/>
</testsuite> <!-- CRUD Operations -->
