<?xml version="1.0" encoding="UTF-8"?>
<!-- Generated by org.testng.reporters.JUnitXMLReporter -->
<testsuite hostname="DESKTOP-D8HNM4S" ignored="0" name="CRUD Operations via Parameters2" tests="5" failures="0" timestamp="2020-11-08T19:54:30 IST" time="4.802" errors="0">
  <testcase name="deleteAPost" time="1.099" classname="tests.TestNGCRUD2"/>
  <testcase name="getAllPosts" time="0.776" classname="tests.TestNGCRUD2"/>
  <testcase name="getSpecificPost" time="0.872" classname="tests.TestNGCRUD2"/>
  <testcase name="createAPost" time="1.015" classname="tests.TestNGCRUD2"/>
  <testcase name="updateAPost" time="1.02" classname="tests.TestNGCRUD2"/>
</testsuite> <!-- CRUD Operations via Parameters2 -->
