<?xml version="1.0" encoding="UTF-8"?>
<!-- Generated by org.testng.reporters.JUnitXMLReporter -->
<testsuite hostname="DESKTOP-D8HNM4S" ignored="0" name="CRUD Operations via Parameters3" tests="5" failures="0" timestamp="2020-11-22T01:13:57 IST" time="4.454" errors="0">
  <testcase name="getAllPosts" time="0.812" classname="tests.TestNGCRUDViaParameters"/>
  <testcase name="getSpecificPost" time="0.783" classname="tests.TestNGCRUDViaParameters"/>
  <testcase name="createAPost" time="0.969" classname="tests.TestNGCRUDViaParameters"/>
  <testcase name="updateAPost" time="0.891" classname="tests.TestNGCRUDViaParameters"/>
  <testcase name="deleteAPost" time="0.968" classname="tests.TestNGCRUDViaParameters"/>
</testsuite> <!-- CRUD Operations via Parameters3 -->
