<?xml version="1.0" encoding="UTF-8"?>
<!-- Generated by org.testng.reporters.JUnitXMLReporter -->
<testsuite hostname="DESKTOP-D8HNM4S" ignored="0" name="Test" tests="6" failures="0" timestamp="2020-11-22T01:15:00 IST" time="7.904" errors="0">
  <testcase name="createAPost" time="2.453" classname="tests.TestNGCRUDViaDataProviderOnlyParameterizedMethod"/>
  <testcase name="createAPost" time="0.937" classname="tests.TestNGCRUDViaDataProviderOnlyParameterizedMethod"/>
  <testcase name="createAPost" time="0.968" classname="tests.TestNGCRUDViaDataProviderOnlyParameterizedMethod"/>
  <testcase name="createAPost" time="1.0" classname="tests.TestNGCRUDViaDataProviderOnlyParameterizedMethod"/>
  <testcase name="createAPost" time="0.938" classname="tests.TestNGCRUDViaDataProviderOnlyParameterizedMethod"/>
  <testcase name="createAPost" time="1.015" classname="tests.TestNGCRUDViaDataProviderOnlyParameterizedMethod"/>
</testsuite> <!-- Test -->
