<?xml version="1.0" encoding="UTF-8"?>
<testng-results skipped="0" failed="0" ignored="0" total="9" passed="9">
  <reporter-output>
  </reporter-output>
  <suite name="Default suite" duration-ms="170" started-at="2020-11-10T20:33:03 IST" finished-at="2020-11-10T20:33:03 IST">
    <groups>
    </groups>
    <test name="Default test" duration-ms="170" started-at="2020-11-10T20:33:03 IST" finished-at="2020-11-10T20:33:03 IST">
      <class name="tests.MultipleMethodsTakingDifferentDataFromOneDataProvider">
        <test-method status="PASS" signature="addition(int, int)[pri:1, instance:tests.MultipleMethodsTakingDifferentDataFromOneDataProvider@17d677df]" name="addition" duration-ms="8" started-at="2020-11-10T20:33:03 IST" data-provider="testdata" finished-at="2020-11-10T20:33:03 IST">
          <params>
            <param index="0">
              <value>
                <![CDATA[12]]>
              </value>
            </param>
            <param index="1">
              <value>
                <![CDATA[45]]>
              </value>
            </param>
          </params>
          <reporter-output>
          </reporter-output>
        </test-method> <!-- addition -->
        <test-method status="PASS" signature="addition(int, int)[pri:1, instance:tests.MultipleMethodsTakingDifferentDataFromOneDataProvider@17d677df]" name="addition" duration-ms="2" started-at="2020-11-10T20:33:03 IST" data-provider="testdata" finished-at="2020-11-10T20:33:03 IST">
          <params>
            <param index="0">
              <value>
                <![CDATA[65]]>
              </value>
            </param>
            <param index="1">
              <value>
                <![CDATA[35]]>
              </value>
            </param>
          </params>
          <reporter-output>
          </reporter-output>
        </test-method> <!-- addition -->
        <test-method status="PASS" signature="addition(int, int)[pri:1, instance:tests.MultipleMethodsTakingDifferentDataFromOneDataProvider@17d677df]" name="addition" duration-ms="1" started-at="2020-11-10T20:33:03 IST" data-provider="testdata" finished-at="2020-11-10T20:33:03 IST">
          <params>
            <param index="0">
              <value>
                <![CDATA[68]]>
              </value>
            </param>
            <param index="1">
              <value>
                <![CDATA[15]]>
              </value>
            </param>
          </params>
          <reporter-output>
          </reporter-output>
        </test-method> <!-- addition -->
        <test-method status="PASS" signature="addition(int, int)[pri:1, instance:tests.MultipleMethodsTakingDifferentDataFromOneDataProvider@17d677df]" name="addition" duration-ms="2" started-at="2020-11-10T20:33:03 IST" data-provider="testdata" finished-at="2020-11-10T20:33:03 IST">
          <params>
            <param index="0">
              <value>
                <![CDATA[95]]>
              </value>
            </param>
            <param index="1">
              <value>
                <![CDATA[26]]>
              </value>
            </param>
          </params>
          <reporter-output>
          </reporter-output>
        </test-method> <!-- addition -->
        <test-method status="PASS" signature="concatination(java.lang.String, java.lang.String)[pri:2, instance:tests.MultipleMethodsTakingDifferentDataFromOneDataProvider@17d677df]" name="concatination" duration-ms="6" started-at="2020-11-10T20:33:03 IST" data-provider="testdata" finished-at="2020-11-10T20:33:03 IST">
          <params>
            <param index="0">
              <value>
                <![CDATA[Gattu]]>
              </value>
            </param>
            <param index="1">
              <value>
                <![CDATA[Rohan]]>
              </value>
            </param>
          </params>
          <reporter-output>
          </reporter-output>
        </test-method> <!-- concatination -->
        <test-method status="PASS" signature="concatination(java.lang.String, java.lang.String)[pri:2, instance:tests.MultipleMethodsTakingDifferentDataFromOneDataProvider@17d677df]" name="concatination" duration-ms="2" started-at="2020-11-10T20:33:03 IST" data-provider="testdata" finished-at="2020-11-10T20:33:03 IST">
          <params>
            <param index="0">
              <value>
                <![CDATA[Rohan]]>
              </value>
            </param>
            <param index="1">
              <value>
                <![CDATA[Kumar]]>
              </value>
            </param>
          </params>
          <reporter-output>
          </reporter-output>
        </test-method> <!-- concatination -->
        <test-method status="PASS" signature="concatination(java.lang.String, java.lang.String)[pri:2, instance:tests.MultipleMethodsTakingDifferentDataFromOneDataProvider@17d677df]" name="concatination" duration-ms="4" started-at="2020-11-10T20:33:03 IST" data-provider="testdata" finished-at="2020-11-10T20:33:03 IST">
          <params>
            <param index="0">
              <value>
                <![CDATA[Gattu]]>
              </value>
            </param>
            <param index="1">
              <value>
                <![CDATA[Kumar]]>
              </value>
            </param>
          </params>
          <reporter-output>
          </reporter-output>
        </test-method> <!-- concatination -->
        <test-method status="PASS" signature="concatination(java.lang.String, java.lang.String)[pri:2, instance:tests.MultipleMethodsTakingDifferentDataFromOneDataProvider@17d677df]" name="concatination" duration-ms="2" started-at="2020-11-10T20:33:03 IST" data-provider="testdata" finished-at="2020-11-10T20:33:03 IST">
          <params>
            <param index="0">
              <value>
                <![CDATA[Gattu]]>
              </value>
            </param>
            <param index="1">
              <value>
                <![CDATA[RohanKumar]]>
              </value>
            </param>
          </params>
          <reporter-output>
          </reporter-output>
        </test-method> <!-- concatination -->
        <test-method status="PASS" signature="nonDataProviderMethod()[pri:4, instance:tests.MultipleMethodsTakingDifferentDataFromOneDataProvider@17d677df]" name="nonDataProviderMethod" duration-ms="3" started-at="2020-11-10T20:33:03 IST" finished-at="2020-11-10T20:33:03 IST">
          <reporter-output>
          </reporter-output>
        </test-method> <!-- nonDataProviderMethod -->
      </class> <!-- tests.MultipleMethodsTakingDifferentDataFromOneDataProvider -->
    </test> <!-- Default test -->
  </suite> <!-- Default suite -->
</testng-results>
